0 info it worked if it ends with ok
1 verbose cli [ 'D:\\Programming\\NodeJS\\node.exe',
1 verbose cli   'D:\\Programming\\NodeJS\\node_modules\\npm\\bin\\npm-cli.js',
1 verbose cli   'start' ]
2 info using npm@4.1.2
3 info using node@v7.7.2
4 verbose run-script [ 'prestart', 'start', 'poststart' ]
5 info lifecycle babble@1.0.0~prestart: babble@1.0.0
6 silly lifecycle babble@1.0.0~prestart: no script for prestart, continuing
7 info lifecycle babble@1.0.0~start: babble@1.0.0
8 verbose lifecycle babble@1.0.0~start: unsafe-perm in lifecycle true
9 verbose lifecycle babble@1.0.0~start: PATH: D:\Programming\NodeJS\node_modules\npm\bin\node-gyp-bin;D:\Programming\Babble\babble\node_modules\.bin;C:\Program Files\Java\jdk1.8.0_111\bin;C:\ProgramData\Oracle\Java\javapath;C:\Program Files (x86)\Intel\iCLS Client\;C:\Program Files\Intel\iCLS Client\;C:\Windows\system32;C:\Windows;C:\Windows\System32\Wbem;C:\Windows\System32\WindowsPowerShell\v1.0\;C:\Program Files (x86)\Intel\Intel(R) Management Engine Components\DAL;C:\Program Files\Intel\Intel(R) Management Engine Components\DAL;C:\Program Files (x86)\Intel\Intel(R) Management Engine Components\IPT;C:\Program Files\Intel\Intel(R) Management Engine Components\IPT;C:\Program Files (x86)\NVIDIA Corporation\PhysX\Common;C:\Program Files\Microsoft SQL Server\130\Tools\Binn\;C:\WINDOWS\system32;C:\WINDOWS;C:\WINDOWS\System32\Wbem;C:\WINDOWS\System32\WindowsPowerShell\v1.0\;C:\Program Files\dotnet\;C:\Program Files (x86)\Windows Live\Shared;D:\Programming\Matlab\bin;C:\Program Files\MySQL\MySQL Utilities 1.6\;D:\Programming\NodeJS\;C:\Program Files (x86)\Skype\Phone\;C:\Program Files\Intel\WiFi\bin\;C:\Program Files\Common Files\Intel\WirelessCommon\;C:\Users\Ilia\AppData\Local\Microsoft\WindowsApps;C:\Users\Ilia\AppData\Roaming\npm;D:\Programming\Microsoft VS Code\bin;
10 verbose lifecycle babble@1.0.0~start: CWD: D:\Programming\Babble\babble
11 silly lifecycle babble@1.0.0~start: Args: [ '/d /s /c', 'http-server server/main.js -p9000' ]
12 verbose stack Error: kill ENOSYS
12 verbose stack     at exports._errnoException (util.js:1033:11)
12 verbose stack     at process.kill (internal/process.js:188:13)
12 verbose stack     at process.listener (D:\Programming\NodeJS\node_modules\npm\node_modules\npmlog\node_modules\gauge\node_modules\signal-exit\index.js:95:15)
12 verbose stack     at emitNone (events.js:86:13)
12 verbose stack     at process.emit (events.js:188:7)
12 verbose stack     at processEmit (D:\Programming\NodeJS\node_modules\npm\node_modules\npmlog\node_modules\gauge\node_modules\signal-exit\index.js:155:32)
12 verbose stack     at Signal.wrap.onsignal (internal/process.js:215:44)
13 verbose cwd D:\Programming\Babble\babble
14 error Windows_NT 10.0.15063
15 error argv "D:\\Programming\\NodeJS\\node.exe" "D:\\Programming\\NodeJS\\node_modules\\npm\\bin\\npm-cli.js" "start"
16 error node v7.7.2
17 error npm  v4.1.2
18 error code ENOSYS
19 error errno ENOSYS
20 error syscall kill
21 error kill ENOSYS
22 error If you need help, you may report this error at:
22 error     <https://github.com/npm/npm/issues>
23 verbose exit [ 1, true ]
